<?xml version="1.0" encoding="UTF-8"?>
<testng-results ignored="0" total="1" passed="1" failed="0" skipped="0">
  <reporter-output>
  </reporter-output>
  <suite started-at="2023-07-13T20:17:59 IST" name="Default suite" finished-at="2023-07-13T20:18:12 IST" duration-ms="12389">
    <groups>
    </groups>
    <test started-at="2023-07-13T20:17:59 IST" name="Default test" finished-at="2023-07-13T20:18:12 IST" duration-ms="12389">
      <class name="Practicemvn.LaunchTest">
        <test-method signature="test1()[pri:0, instance:Practicemvn.LaunchTest@6af93788]" started-at="2023-07-13T20:17:59 IST" name="test1" finished-at="2023-07-13T20:18:11 IST" duration-ms="12244" status="PASS">
          <reporter-output>
          </reporter-output>
        </test-method> <!-- test1 -->
      </class> <!-- Practicemvn.LaunchTest -->
    </test> <!-- Default test -->
  </suite> <!-- Default suite -->
</testng-results>
